c:\dev\cardscanner\debug\vc143.pdb
c:\dev\cardscanner\debug\vc143.idb
c:\dev\cardscanner\debug\globals.obj
c:\dev\cardscanner\debug\ct_interface.obj
c:\dev\cardscanner\debug\ct_error.obj
c:\dev\cardscanner\debug\configuredialog.obj
c:\dev\cardscanner\debug\cardscanner.obj
c:\dev\cardscanner\debug\aboutdialog.obj
c:\dev\cardscanner\debug\cardscanner.ilk
c:\dev\cardscanner\debug\cardscanner.exe
c:\dev\cardscanner\debug\cardscanner.pdb
c:\dev\cardscanner\debug\cardscanner.res
c:\dev\cardscanner\debug\cardscanner.tlog\cl.command.1.tlog
c:\dev\cardscanner\debug\cardscanner.tlog\cl.read.1.tlog
c:\dev\cardscanner\debug\cardscanner.tlog\cl.write.1.tlog
c:\dev\cardscanner\debug\cardscanner.tlog\link.command.1.tlog
c:\dev\cardscanner\debug\cardscanner.tlog\link.read.1.tlog
c:\dev\cardscanner\debug\cardscanner.tlog\link.write.1.tlog
c:\dev\cardscanner\debug\cardscanner.tlog\rc.command.1.tlog
c:\dev\cardscanner\debug\cardscanner.tlog\rc.read.1.tlog
c:\dev\cardscanner\debug\cardscanner.tlog\rc.write.1.tlog
