c:\dev\cardscanner\x64\debug\vc143.pdb
c:\dev\cardscanner\x64\debug\vc143.idb
c:\dev\cardscanner\x64\debug\ct_interface.obj
c:\dev\cardscanner\x64\debug\ct_error.obj
c:\dev\cardscanner\x64\debug\cardscanner.obj
c:\dev\cardscanner\x64\debug\cardscanner.res
c:\dev\cardscanner\x64\debug\cardscanner.pdb
c:\dev\cardscanner\x64\debug\cardscanner.tlog\cl.command.1.tlog
c:\dev\cardscanner\x64\debug\cardscanner.tlog\cl.read.1.tlog
c:\dev\cardscanner\x64\debug\cardscanner.tlog\cl.write.1.tlog
c:\dev\cardscanner\x64\debug\cardscanner.tlog\link-cvtres.read.1.tlog
c:\dev\cardscanner\x64\debug\cardscanner.tlog\link-cvtres.write.1.tlog
c:\dev\cardscanner\x64\debug\cardscanner.tlog\link-rc.read.1.tlog
c:\dev\cardscanner\x64\debug\cardscanner.tlog\link-rc.write.1.tlog
c:\dev\cardscanner\x64\debug\cardscanner.tlog\link.command.1.tlog
c:\dev\cardscanner\x64\debug\cardscanner.tlog\link.read.1.tlog
c:\dev\cardscanner\x64\debug\cardscanner.tlog\link.read.2.tlog
c:\dev\cardscanner\x64\debug\cardscanner.tlog\link.write.1.tlog
c:\dev\cardscanner\x64\debug\cardscanner.tlog\rc.command.1.tlog
c:\dev\cardscanner\x64\debug\cardscanner.tlog\rc.read.1.tlog
c:\dev\cardscanner\x64\debug\cardscanner.tlog\rc.write.1.tlog
